c:\users\master\desktop\备用文件夹\c code\1st\c lesson\c_use\debug\vc142.pdb
c:\users\master\desktop\备用文件夹\c code\1st\c lesson\c_use\debug\vc142.idb
c:\users\master\desktop\备用文件夹\c code\1st\c lesson\c_use\debug\函数.nativecodeanalysis.sarif
c:\users\master\desktop\备用文件夹\c code\1st\c lesson\c_use\debug\函数.nativecodeanalysis.xml
c:\users\master\desktop\备用文件夹\c code\1st\c lesson\c_use\debug\字符输入输出验证.nativecodeanalysis.sarif
c:\users\master\desktop\备用文件夹\c code\1st\c lesson\c_use\debug\字符输入输出验证.nativecodeanalysis.xml
c:\users\master\desktop\备用文件夹\c code\1st\c lesson\c_use\debug\分支与跳转.nativecodeanalysis.sarif
c:\users\master\desktop\备用文件夹\c code\1st\c lesson\c_use\debug\分支与跳转.nativecodeanalysis.xml
c:\users\master\desktop\备用文件夹\c code\1st\c lesson\c_use\debug\循环.nativecodeanalysis.sarif
c:\users\master\desktop\备用文件夹\c code\1st\c lesson\c_use\debug\循环.nativecodeanalysis.xml
c:\users\master\desktop\备用文件夹\c code\1st\c lesson\c_use\debug\表达式.nativecodeanalysis.sarif
c:\users\master\desktop\备用文件夹\c code\1st\c lesson\c_use\debug\表达式.nativecodeanalysis.xml
c:\users\master\desktop\备用文件夹\c code\1st\c lesson\c_use\debug\字符串和格式化输入输出.nativecodeanalysis.sarif
c:\users\master\desktop\备用文件夹\c code\1st\c lesson\c_use\debug\字符串和格式化输入输出.nativecodeanalysis.xml
c:\users\master\desktop\备用文件夹\c code\1st\c lesson\c_use\debug\数据与c.nativecodeanalysis.sarif
c:\users\master\desktop\备用文件夹\c code\1st\c lesson\c_use\debug\数据与c.nativecodeanalysis.xml
c:\users\master\desktop\备用文件夹\c code\1st\c lesson\c_use\debug\概述.nativecodeanalysis.sarif
c:\users\master\desktop\备用文件夹\c code\1st\c lesson\c_use\debug\概述.nativecodeanalysis.xml
c:\users\master\desktop\备用文件夹\c code\1st\c lesson\c_use\debug\指针.nativecodeanalysis.sarif
c:\users\master\desktop\备用文件夹\c code\1st\c lesson\c_use\debug\指针.nativecodeanalysis.xml
c:\users\master\desktop\备用文件夹\c code\1st\c lesson\c_use\debug\字符串输出.nativecodeanalysis.sarif
c:\users\master\desktop\备用文件夹\c code\1st\c lesson\c_use\debug\字符串输出.nativecodeanalysis.xml
c:\users\master\desktop\备用文件夹\c code\1st\c lesson\c_use\debug\内存分配.nativecodeanalysis.sarif
c:\users\master\desktop\备用文件夹\c code\1st\c lesson\c_use\debug\内存分配.nativecodeanalysis.xml
c:\users\master\desktop\备用文件夹\c code\1st\c lesson\c_use\debug\1st.nativecodeanalysis.sarif
c:\users\master\desktop\备用文件夹\c code\1st\c lesson\c_use\debug\1st.nativecodeanalysis.xml
c:\users\master\desktop\备用文件夹\c code\1st\c lesson\c_use\debug\pe12-2b.nativecodeanalysis.sarif
c:\users\master\desktop\备用文件夹\c code\1st\c lesson\c_use\debug\pe12-2b.nativecodeanalysis.xml
c:\users\master\desktop\备用文件夹\c code\1st\c lesson\c_use\debug\pe12-2a.nativecodeanalysis.sarif
c:\users\master\desktop\备用文件夹\c code\1st\c lesson\c_use\debug\pe12-2a.nativecodeanalysis.xml
c:\users\master\desktop\备用文件夹\c code\1st\c lesson\c_use\debug\manydice.nativecodeanalysis.sarif
c:\users\master\desktop\备用文件夹\c code\1st\c lesson\c_use\debug\manydice.nativecodeanalysis.xml
c:\users\master\desktop\备用文件夹\c code\1st\c lesson\c_use\debug\diceroll.nativecodeanalysis.sarif
c:\users\master\desktop\备用文件夹\c code\1st\c lesson\c_use\debug\diceroll.nativecodeanalysis.xml
c:\users\master\desktop\备用文件夹\c code\1st\c lesson\c_use\debug\diceroll.obj
c:\users\master\desktop\备用文件夹\c code\1st\c lesson\c_use\debug\manydice.obj
c:\users\master\desktop\备用文件夹\c code\1st\c lesson\c_use\debug\pe12-2a.obj
c:\users\master\desktop\备用文件夹\c code\1st\c lesson\c_use\debug\pe12-2b.obj
c:\users\master\desktop\备用文件夹\c code\1st\c lesson\c_use\debug\1st.obj
c:\users\master\desktop\备用文件夹\c code\1st\c lesson\c_use\debug\内存分配.obj
c:\users\master\desktop\备用文件夹\c code\1st\c lesson\c_use\debug\字符串输出.obj
c:\users\master\desktop\备用文件夹\c code\1st\c lesson\c_use\debug\指针.obj
c:\users\master\desktop\备用文件夹\c code\1st\c lesson\c_use\debug\概述.obj
c:\users\master\desktop\备用文件夹\c code\1st\c lesson\c_use\debug\数据与c.obj
c:\users\master\desktop\备用文件夹\c code\1st\c lesson\c_use\debug\字符串和格式化输入输出.obj
c:\users\master\desktop\备用文件夹\c code\1st\c lesson\c_use\debug\表达式.obj
c:\users\master\desktop\备用文件夹\c code\1st\c lesson\c_use\debug\循环.obj
c:\users\master\desktop\备用文件夹\c code\1st\c lesson\c_use\debug\分支与跳转.obj
c:\users\master\desktop\备用文件夹\c code\1st\c lesson\c_use\debug\字符输入输出验证.obj
c:\users\master\desktop\备用文件夹\c code\1st\c lesson\c_use\debug\函数.obj
c:\users\master\desktop\备用文件夹\c code\1st\c lesson\c_use\debug\c lesson.tlog\cl.command.1.tlog
c:\users\master\desktop\备用文件夹\c code\1st\c lesson\c_use\debug\c lesson.tlog\cl.read.1.tlog
c:\users\master\desktop\备用文件夹\c code\1st\c lesson\c_use\debug\c lesson.tlog\cl.write.1.tlog
